<?xml version="1.0" encoding="UTF-8"?>
<!-- Generated by org.testng.reporters.JUnitReportReporter -->
<testsuite hostname="DESKTOP-GJSAEHS" failures="0" tests="3" name="jenkinScripts.Script3Test" time="0.008" errors="0" timestamp="23 Sep 2022 06:05:12 GMT">
  <testcase classname="jenkinScripts.Script3Test" name="Agenda1" time="0.001"/>
  <testcase classname="jenkinScripts.Script3Test" name="Agenda3" time="0.004"/>
  <testcase classname="jenkinScripts.Script3Test" name="Agenda2" time="0.003"/>
</testsuite> <!-- jenkinScripts.Script3Test -->
