<?xml version="1.0" encoding="UTF-8"?>
<!-- Generated by org.testng.reporters.JUnitReportReporter -->
<testsuite hostname="DESKTOP-GJSAEHS" failures="0" tests="3" name="jenkinScripts.Script2Test" time="0.009" errors="0" timestamp="23 Sep 2022 06:05:12 GMT">
  <testcase classname="jenkinScripts.Script2Test" name="Program1" time="0.003"/>
  <testcase classname="jenkinScripts.Script2Test" name="Program3" time="0.002"/>
  <testcase classname="jenkinScripts.Script2Test" name="Program2" time="0.004"/>
</testsuite> <!-- jenkinScripts.Script2Test -->
