<?xml version="1.0" encoding="UTF-8"?>
<!-- Generated by org.testng.reporters.JUnitReportReporter -->
<testsuite hostname="DESKTOP-GJSAEHS" failures="0" tests="3" name="jenkinScripts.Script1Test" time="0.015" errors="0" timestamp="23 Sep 2022 06:05:12 GMT">
  <testcase classname="jenkinScripts.Script1Test" name="demo2" time="0.002"/>
  <testcase classname="jenkinScripts.Script1Test" name="demo3" time="0.001"/>
  <testcase classname="jenkinScripts.Script1Test" name="demo1" time="0.012"/>
</testsuite> <!-- jenkinScripts.Script1Test -->
